21:40:05,064 INFO  [AbstractJBossASServerBase] Server Configuration:

	JBOSS_HOME URL: file:/D:/ejb/jboss6/
	Bootstrap: $JBOSS_HOME\server/default/conf/bootstrap.xml
	Common Base: $JBOSS_HOME\common/
	Common Library: $JBOSS_HOME\common/lib/
	Server Name: default
	Server Base: $JBOSS_HOME\server/
	Server Library: $JBOSS_HOME\server/default/lib/
	Server Config: $JBOSS_HOME\server/default/conf/
	Server Home: $JBOSS_HOME\server/default/
	Server Data: $JBOSS_HOME\server/default/data/
	Server Log: $JBOSS_HOME\server/default/log/
	Server Temp: $JBOSS_HOME\server/default/tmp/

21:40:05,066 INFO  [AbstractServer] Starting: JBossAS [6.1.0.Final "Neo"]
21:40:05,803 INFO  [ServerInfo] Java version: 1.8.0_111,Oracle Corporation
21:40:05,803 INFO  [ServerInfo] Java Runtime: Java(TM) SE Runtime Environment (build 1.8.0_111-b14)
21:40:05,803 INFO  [ServerInfo] Java VM: Java HotSpot(TM) 64-Bit Server VM 25.111-b14,Oracle Corporation
21:40:05,803 INFO  [ServerInfo] OS-System: Windows 8.1 6.3,amd64
21:40:05,803 INFO  [ServerInfo] VM arguments: -Dprogram.name=JBossTools: JBoss AS 6.x -Djava.awt.headless=true -Xms256m -Xmx768m -XX:MaxPermSize=256m -Dsun.rmi.dgc.client.gcInterval=3600000 -Dsun.rmi.dgc.server.gcInterval=3600000 -Djava.endorsed.dirs=D:\ejb\jboss6\lib\endorsed -Djava.library.path=D:/ejb/jboss6/bin/native -Dlogging.configuration=file:D:/ejb/jboss6/bin/logging.properties -Dfile.encoding=Cp1252 
21:40:05,804 DEBUG [ServerInfo] Full System Properties Dump
21:40:05,804 DEBUG [ServerInfo]     awt.toolkit: sun.awt.windows.WToolkit
21:40:05,804 DEBUG [ServerInfo]     bind.address: localhost
21:40:05,804 DEBUG [ServerInfo]     file.encoding: Cp1252
21:40:05,805 DEBUG [ServerInfo]     file.encoding.pkg: sun.io
21:40:05,805 DEBUG [ServerInfo]     file.separator: \
21:40:05,805 DEBUG [ServerInfo]     java.awt.graphicsenv: sun.awt.Win32GraphicsEnvironment
21:40:05,805 DEBUG [ServerInfo]     java.awt.headless: true
21:40:05,805 DEBUG [ServerInfo]     java.awt.printerjob: sun.awt.windows.WPrinterJob
21:40:05,805 DEBUG [ServerInfo]     java.class.path: D:\ejb\jboss6\bin\run.jar
21:40:05,805 DEBUG [ServerInfo]     java.class.version: 52.0
21:40:05,805 DEBUG [ServerInfo]     java.endorsed.dirs: D:\ejb\jboss6\lib\endorsed
21:40:05,805 DEBUG [ServerInfo]     java.ext.dirs: C:\Program Files\Java\jre1.8.0_111\lib\ext;C:\windows\Sun\Java\lib\ext
21:40:05,806 DEBUG [ServerInfo]     java.home: C:\Program Files\Java\jre1.8.0_111
21:40:05,806 DEBUG [ServerInfo]     java.io.tmpdir: C:\Users\logonrm\AppData\Local\Temp\
21:40:05,806 DEBUG [ServerInfo]     java.library.path: D:/ejb/jboss6/bin/native
21:40:05,806 DEBUG [ServerInfo]     java.protocol.handler.pkgs: org.jboss.net.protocol|org.jboss.vfs.protocol
21:40:05,806 DEBUG [ServerInfo]     java.rmi.server.RMIClassLoaderSpi: org.jboss.system.JBossRMIClassLoader
21:40:05,806 DEBUG [ServerInfo]     java.rmi.server.hostname: localhost
21:40:05,806 DEBUG [ServerInfo]     java.runtime.name: Java(TM) SE Runtime Environment
21:40:05,806 DEBUG [ServerInfo]     java.runtime.version: 1.8.0_111-b14
21:40:05,807 DEBUG [ServerInfo]     java.specification.name: Java Platform API Specification
21:40:05,807 DEBUG [ServerInfo]     java.specification.vendor: Oracle Corporation
21:40:05,807 DEBUG [ServerInfo]     java.specification.version: 1.8
21:40:05,807 DEBUG [ServerInfo]     java.util.logging.manager: org.jboss.logmanager.LogManager
21:40:05,807 DEBUG [ServerInfo]     java.vendor: Oracle Corporation
21:40:05,807 DEBUG [ServerInfo]     java.vendor.url: http://java.oracle.com/
21:40:05,807 DEBUG [ServerInfo]     java.vendor.url.bug: http://bugreport.sun.com/bugreport/
21:40:05,807 DEBUG [ServerInfo]     java.version: 1.8.0_111
21:40:05,808 DEBUG [ServerInfo]     java.vm.info: mixed mode
21:40:05,808 DEBUG [ServerInfo]     java.vm.name: Java HotSpot(TM) 64-Bit Server VM
21:40:05,808 DEBUG [ServerInfo]     java.vm.specification.name: Java Virtual Machine Specification
21:40:05,808 DEBUG [ServerInfo]     java.vm.specification.vendor: Oracle Corporation
21:40:05,808 DEBUG [ServerInfo]     java.vm.specification.version: 1.8
21:40:05,808 DEBUG [ServerInfo]     java.vm.vendor: Oracle Corporation
21:40:05,808 DEBUG [ServerInfo]     java.vm.version: 25.111-b14
21:40:05,809 DEBUG [ServerInfo]     javax.management.builder.initial: org.jboss.mx.server.MBeanServerBuilderImpl
21:40:05,809 DEBUG [ServerInfo]     jboss.bind.address: localhost
21:40:05,809 DEBUG [ServerInfo]     jboss.boot.server.log.dir: D:\ejb\jboss6\server\default\log
21:40:05,809 DEBUG [ServerInfo]     jboss.bootstrap.home.url: file:/D:/ejb/jboss6/server/default/conf/
21:40:05,809 DEBUG [ServerInfo]     jboss.bootstrap.name: bootstrap.xml
21:40:05,809 DEBUG [ServerInfo]     jboss.bootstrap.url: file:/D:/ejb/jboss6/server/default/conf/bootstrap.xml
21:40:05,809 DEBUG [ServerInfo]     jboss.common.base.url: file:/D:/ejb/jboss6/common/
21:40:05,809 DEBUG [ServerInfo]     jboss.common.lib.url: file:/D:/ejb/jboss6/common/lib/
21:40:05,810 DEBUG [ServerInfo]     jboss.home: D:\ejb\jboss6
21:40:05,810 DEBUG [ServerInfo]     jboss.home.dir: D:\ejb\jboss6
21:40:05,810 DEBUG [ServerInfo]     jboss.home.url: file:/D:/ejb/jboss6/
21:40:05,810 DEBUG [ServerInfo]     jboss.host.name: l2704micro05
21:40:05,810 DEBUG [ServerInfo]     jboss.lib.url: file:/D:/ejb/jboss6/lib/
21:40:05,810 DEBUG [ServerInfo]     jboss.native.dir: D:\ejb\jboss6\server\default\tmp\native
21:40:05,810 DEBUG [ServerInfo]     jboss.native.load: false
21:40:05,810 DEBUG [ServerInfo]     jboss.node.name: l2704micro05
21:40:05,811 DEBUG [ServerInfo]     jboss.partition.name: DefaultPartition
21:40:05,811 DEBUG [ServerInfo]     jboss.platform.mbeanserver: true
21:40:05,811 DEBUG [ServerInfo]     jboss.qualified.host.name: l2704micro05
21:40:05,811 DEBUG [ServerInfo]     jboss.server.base.dir: D:\ejb\jboss6\server
21:40:05,811 DEBUG [ServerInfo]     jboss.server.base.url: file:/D:/ejb/jboss6/server/
21:40:05,811 DEBUG [ServerInfo]     jboss.server.config.url: file:/D:/ejb/jboss6/server/default/conf/
21:40:05,811 DEBUG [ServerInfo]     jboss.server.data.dir: D:\ejb\jboss6\server\default\data
21:40:05,811 DEBUG [ServerInfo]     jboss.server.home.dir: D:\ejb\jboss6\server\default
21:40:05,811 DEBUG [ServerInfo]     jboss.server.home.url: file:/D:/ejb/jboss6/server/default/
21:40:05,812 DEBUG [ServerInfo]     jboss.server.lib.url: file:/D:/ejb/jboss6/server/default/lib/
21:40:05,812 DEBUG [ServerInfo]     jboss.server.log.dir: D:\ejb\jboss6\server\default\log
21:40:05,812 DEBUG [ServerInfo]     jboss.server.name: default
21:40:05,812 DEBUG [ServerInfo]     jboss.server.temp.dir: D:\ejb\jboss6\server\default\tmp
21:40:05,812 DEBUG [ServerInfo]     jboss.vfs.forceCopy: true
21:40:05,812 DEBUG [ServerInfo]     jbossmx.loader.repository.class: org.jboss.mx.loading.UnifiedLoaderRepository3
21:40:05,812 DEBUG [ServerInfo]     jgroups.bind_addr: localhost
21:40:05,812 DEBUG [ServerInfo]     line.separator: 

21:40:05,812 DEBUG [ServerInfo]     log4j.defaultInitOverride: true
21:40:05,812 DEBUG [ServerInfo]     logging.configuration: file:D:/ejb/jboss6/bin/logging.properties
21:40:05,813 DEBUG [ServerInfo]     org.jboss.deployers.spi.deployer.matchers.NameIgnoreMechanism: org.jboss.deployers.spi.deployer.helpers.DummyNameIgnoreMechanism
21:40:05,813 DEBUG [ServerInfo]     org.jboss.logging.Logger.pluginClass: org.jboss.logging.logmanager.LoggerPluginImpl
21:40:05,813 DEBUG [ServerInfo]     org.jboss.reflect.spi.TypeInfoFactory: org.jboss.reflect.plugins.introspection.IntrospectionTypeInfoFactory
21:40:05,813 DEBUG [ServerInfo]     os.arch: amd64
21:40:05,813 DEBUG [ServerInfo]     os.name: Windows 8.1
21:40:05,813 DEBUG [ServerInfo]     os.version: 6.3
21:40:05,813 DEBUG [ServerInfo]     path.separator: ;
21:40:05,813 DEBUG [ServerInfo]     program.name: JBossTools: JBoss AS 6.x
21:40:05,813 DEBUG [ServerInfo]     sun.arch.data.model: 64
21:40:05,814 DEBUG [ServerInfo]     sun.boot.class.path: D:\ejb\jboss6\lib\endorsed\activation.jar;D:\ejb\jboss6\lib\endorsed\jboss-annotations-api_1.1_spec.jar;D:\ejb\jboss6\lib\endorsed\jboss-jaxb-api_2.2_spec.jar;D:\ejb\jboss6\lib\endorsed\jboss-jaxws-api_2.2_spec.jar;D:\ejb\jboss6\lib\endorsed\jbossws-cxf-factories.jar;D:\ejb\jboss6\lib\endorsed\stax-api.jar;C:\Program Files\Java\jre1.8.0_111\lib\resources.jar;C:\Program Files\Java\jre1.8.0_111\lib\rt.jar;C:\Program Files\Java\jre1.8.0_111\lib\sunrsasign.jar;C:\Program Files\Java\jre1.8.0_111\lib\jsse.jar;C:\Program Files\Java\jre1.8.0_111\lib\jce.jar;C:\Program Files\Java\jre1.8.0_111\lib\charsets.jar;C:\Program Files\Java\jre1.8.0_111\lib\jfr.jar;C:\Program Files\Java\jre1.8.0_111\classes
21:40:05,814 DEBUG [ServerInfo]     sun.boot.library.path: C:\Program Files\Java\jre1.8.0_111\bin
21:40:05,814 DEBUG [ServerInfo]     sun.cpu.endian: little
21:40:05,814 DEBUG [ServerInfo]     sun.cpu.isalist: amd64
21:40:05,814 DEBUG [ServerInfo]     sun.desktop: windows
21:40:05,814 DEBUG [ServerInfo]     sun.io.unicode.encoding: UnicodeLittle
21:40:05,814 DEBUG [ServerInfo]     sun.java.command: org.jboss.Main --configuration=default --host=localhost -Djboss.server.base.url=file:/D:/ejb/jboss6/server/
21:40:05,814 DEBUG [ServerInfo]     sun.java.launcher: SUN_STANDARD
21:40:05,814 DEBUG [ServerInfo]     sun.jnu.encoding: Cp1252
21:40:05,814 DEBUG [ServerInfo]     sun.management.compiler: HotSpot 64-Bit Tiered Compilers
21:40:05,815 DEBUG [ServerInfo]     sun.os.patch.level: 
21:40:05,815 DEBUG [ServerInfo]     sun.rmi.dgc.client.gcInterval: 3600000
21:40:05,815 DEBUG [ServerInfo]     sun.rmi.dgc.server.gcInterval: 3600000
21:40:05,815 DEBUG [ServerInfo]     user.country: US
21:40:05,815 DEBUG [ServerInfo]     user.country.format: BR
21:40:05,815 DEBUG [ServerInfo]     user.dir: D:\ejb\jboss6\bin
21:40:05,815 DEBUG [ServerInfo]     user.home: C:\Users\logonrm
21:40:05,815 DEBUG [ServerInfo]     user.language: en
21:40:05,815 DEBUG [ServerInfo]     user.language.format: pt
21:40:05,815 DEBUG [ServerInfo]     user.name: logonrm
21:40:05,815 DEBUG [ServerInfo]     user.script: 
21:40:05,815 DEBUG [ServerInfo]     user.timezone: America/Sao_Paulo
21:40:05,816 DEBUG [ServerInfo]     user.variant: 
21:40:05,816 DEBUG [ServerInfo]     xb.builder.repeatableParticleHandlers: false
21:40:05,816 DEBUG [ServerInfo]     xb.builder.useUnorderedSequence: true
21:40:05,831 INFO  [JMXKernel] Legacy JMX core initialized
21:40:08,370 INFO  [AbstractServerConfig] JBoss Web Services - Stack CXF Server 3.4.1.GA
21:40:08,375 WARN  [AbstractKernelController] Broken callback: ClassSingleCallbackItem@28d427d2{name=interface org.jboss.wsf.spi.metadata.DescriptorProcessor whenRequired=ControllerState@4d417686{Installed} dependentState=ControllerState@4d417686{Installed} attributeName=setProcessor owner=AbstractKernelControllerContext@4c8bdc7f{ metadata=AbstractBeanMetaData@76c19fa9{name=WSDescriptorDeployer bean=org.jboss.webservices.integration.deployers.WSDescriptorDeployer properties= classLoader=BeanMetaDataDeployer$DeploymentClassLoaderMetaData@79712488{classloader=null} constructor=null autowireCandidate=true installCallbacks=[method=setProcessor, method=setParser]}name=WSDescriptorDeployer target=org.jboss.webservices.integration.deployers.WSDescriptorDeployer@4ec106c7 state=Installed depends=AbstractDependencyInfo@32e3b4ee{}} signature=org.jboss.wsf.spi.metadata.DescriptorProcessor}: java.lang.ClassCastException: org.jboss.wsf.stack.cxf.deployment.jms.JMSDescriptorProcessorImpl cannot be cast to org.jboss.wsf.spi.metadata.webservices.WebservicesDescriptorProcessor
	at org.jboss.webservices.integration.deployers.WSDescriptorDeployer.setProcessor(WSDescriptorDeployer.java:33) [:6.1.0.Final]
	at sun.reflect.NativeMethodAccessorImpl.invoke0(Native Method) [:1.8.0_111]
	at sun.reflect.NativeMethodAccessorImpl.invoke(Unknown Source) [:1.8.0_111]
	at sun.reflect.DelegatingMethodAccessorImpl.invoke(Unknown Source) [:1.8.0_111]
	at java.lang.reflect.Method.invoke(Unknown Source) [:1.8.0_111]
	at org.jboss.reflect.plugins.introspection.ReflectionUtils.invoke(ReflectionUtils.java:60) [jboss-reflect.jar:2.2.1.SP1]
	at org.jboss.reflect.plugins.introspection.ReflectMethodInfoImpl.invoke(ReflectMethodInfoImpl.java:168) [jboss-reflect.jar:2.2.1.SP1]
	at org.jboss.joinpoint.plugins.BasicMethodJoinPoint.dispatch(BasicMethodJoinPoint.java:66) [jboss-reflect.jar:2.2.1.SP1]
	at org.jboss.beans.info.plugins.AbstractBeanInfo.invoke(AbstractBeanInfo.java:300) [jboss-reflect.jar:2.2.1.SP1]
	at org.jboss.kernel.plugins.dependency.AbstractKernelControllerContext.invoke(AbstractKernelControllerContext.java:305) [jboss-kernel.jar:2.2.0.SP2]
	at org.jboss.kernel.plugins.dependency.ClassSingleCallbackItem.ownerCallback(ClassSingleCallbackItem.java:78) [jboss-kernel.jar:2.2.0.SP2]
	at org.jboss.dependency.plugins.AbstractController.resolveCallbacks(AbstractController.java:1887) [jboss-dependency.jar:2.2.0.SP2]
	at org.jboss.dependency.plugins.AbstractController.resolveCallbacks(AbstractController.java:1937) [jboss-dependency.jar:2.2.0.SP2]
	at org.jboss.dependency.plugins.AbstractController.incrementState(AbstractController.java:1092) [jboss-dependency.jar:2.2.0.SP2]
	at org.jboss.dependency.plugins.AbstractController.executeOrIncrementStateDirectly(AbstractController.java:1322) [jboss-dependency.jar:2.2.0.SP2]
	at org.jboss.dependency.plugins.AbstractController.resolveContexts(AbstractController.java:1246) [jboss-dependency.jar:2.2.0.SP2]
	at org.jboss.dependency.plugins.AbstractController.resolveContexts(AbstractController.java:1139) [jboss-dependency.jar:2.2.0.SP2]
	at org.jboss.dependency.plugins.AbstractController.install(AbstractController.java:894) [jboss-dependency.jar:2.2.0.SP2]
	at org.jboss.dependency.plugins.AbstractController.install(AbstractController.java:641) [jboss-dependency.jar:2.2.0.SP2]
	at org.jboss.deployers.vfs.deployer.kernel.BeanMetaDataDeployer.deploy(BeanMetaDataDeployer.java:182) [:2.2.2.GA]
	at org.jboss.deployers.vfs.deployer.kernel.BeanMetaDataDeployer.deploy(BeanMetaDataDeployer.java:58) [:2.2.2.GA]
	at org.jboss.deployers.spi.deployer.helpers.AbstractSimpleRealDeployer.internalDeploy(AbstractSimpleRealDeployer.java:63) [:2.2.2.GA]
	at org.jboss.deployers.spi.deployer.helpers.AbstractRealDeployer.deploy(AbstractRealDeployer.java:55) [:2.2.2.GA]
	at org.jboss.deployers.plugins.deployers.DeployerWrapper.deploy(DeployerWrapper.java:179) [:2.2.2.GA]
	at org.jboss.deployers.plugins.deployers.DeployersImpl.doDeploy(DeployersImpl.java:1832) [:2.2.2.GA]
	at org.jboss.deployers.plugins.deployers.DeployersImpl.doInstallParentFirst(DeployersImpl.java:1550) [:2.2.2.GA]
	at org.jboss.deployers.plugins.deployers.DeployersImpl.doInstallParentFirst(DeployersImpl.java:1571) [:2.2.2.GA]
	at org.jboss.deployers.plugins.deployers.DeployersImpl.install(DeployersImpl.java:1491) [:2.2.2.GA]
	at org.jboss.dependency.plugins.AbstractControllerContext.install(AbstractControllerContext.java:379) [jboss-dependency.jar:2.2.0.SP2]
	at org.jboss.dependency.plugins.AbstractController.install(AbstractController.java:2044) [jboss-dependency.jar:2.2.0.SP2]
	at org.jboss.dependency.plugins.AbstractController.incrementState(AbstractController.java:1083) [jboss-dependency.jar:2.2.0.SP2]
	at org.jboss.dependency.plugins.AbstractController.executeOrIncrementStateDirectly(AbstractController.java:1322) [jboss-dependency.jar:2.2.0.SP2]
	at org.jboss.dependency.plugins.AbstractController.resolveContexts(AbstractController.java:1246) [jboss-dependency.jar:2.2.0.SP2]
	at org.jboss.dependency.plugins.AbstractController.resolveContexts(AbstractController.java:1139) [jboss-dependency.jar:2.2.0.SP2]
	at org.jboss.dependency.plugins.AbstractController.change(AbstractController.java:939) [jboss-dependency.jar:2.2.0.SP2]
	at org.jboss.dependency.plugins.AbstractController.change(AbstractController.java:654) [jboss-dependency.jar:2.2.0.SP2]
	at org.jboss.deployers.plugins.deployers.DeployersImpl.change(DeployersImpl.java:1983) [:2.2.2.GA]
	at org.jboss.deployers.plugins.deployers.DeployersImpl.process(DeployersImpl.java:1076) [:2.2.2.GA]
	at org.jboss.deployers.plugins.main.MainDeployerImpl.process(MainDeployerImpl.java:679) [:2.2.2.GA]
	at org.jboss.system.server.profileservice.deployers.MainDeployerPlugin.process(MainDeployerPlugin.java:106) [:6.1.0.Final]
	at org.jboss.profileservice.dependency.ProfileControllerContext$DelegateDeployer.process(ProfileControllerContext.java:143) [:0.2.2]
	at org.jboss.profileservice.dependency.ProfileDeployAction.deploy(ProfileDeployAction.java:151) [:0.2.2]
	at org.jboss.profileservice.dependency.ProfileDeployAction.installActionInternal(ProfileDeployAction.java:94) [:0.2.2]
	at org.jboss.kernel.plugins.dependency.InstallsAwareAction.installAction(InstallsAwareAction.java:54) [jboss-kernel.jar:2.2.0.SP2]
	at org.jboss.kernel.plugins.dependency.InstallsAwareAction.installAction(InstallsAwareAction.java:42) [jboss-kernel.jar:2.2.0.SP2]
	at org.jboss.dependency.plugins.action.SimpleControllerContextAction.simpleInstallAction(SimpleControllerContextAction.java:62) [jboss-dependency.jar:2.2.0.SP2]
	at org.jboss.dependency.plugins.action.AccessControllerContextAction.install(AccessControllerContextAction.java:71) [jboss-dependency.jar:2.2.0.SP2]
	at org.jboss.dependency.plugins.AbstractControllerContextActions.install(AbstractControllerContextActions.java:51) [jboss-dependency.jar:2.2.0.SP2]
	at org.jboss.dependency.plugins.AbstractControllerContext.install(AbstractControllerContext.java:379) [jboss-dependency.jar:2.2.0.SP2]
	at org.jboss.dependency.plugins.AbstractController.install(AbstractController.java:2044) [jboss-dependency.jar:2.2.0.SP2]
	at org.jboss.dependency.plugins.AbstractController.incrementState(AbstractController.java:1083) [jboss-dependency.jar:2.2.0.SP2]
	at org.jboss.dependency.plugins.AbstractController.executeOrIncrementStateDirectly(AbstractController.java:1322) [jboss-dependency.jar:2.2.0.SP2]
	at org.jboss.dependency.plugins.AbstractController.resolveContexts(AbstractController.java:1246) [jboss-dependency.jar:2.2.0.SP2]
	at org.jboss.dependency.plugins.AbstractController.resolveContexts(AbstractController.java:1139) [jboss-dependency.jar:2.2.0.SP2]
	at org.jboss.dependency.plugins.AbstractController.change(AbstractController.java:939) [jboss-dependency.jar:2.2.0.SP2]
	at org.jboss.dependency.plugins.AbstractController.change(AbstractController.java:654) [jboss-dependency.jar:2.2.0.SP2]
	at org.jboss.profileservice.dependency.ProfileActivationWrapper$BasicProfileActivation.start(ProfileActivationWrapper.java:190) [:0.2.2]
	at org.jboss.profileservice.dependency.ProfileActivationWrapper.start(ProfileActivationWrapper.java:87) [:0.2.2]
	at org.jboss.profileservice.dependency.ProfileActivationService.activateProfile(ProfileActivationService.java:215) [:0.2.2]
	at org.jboss.profileservice.dependency.ProfileActivationService.activate(ProfileActivationService.java:159) [:0.2.2]
	at org.jboss.profileservice.bootstrap.AbstractProfileServiceBootstrap.activate(AbstractProfileServiceBootstrap.java:112) [:0.2.2]
	at org.jboss.profileservice.resolver.BasicResolverFactory$ProfileResolverFacade.deploy(BasicResolverFactory.java:87) [:0.2.2]
	at org.jboss.profileservice.bootstrap.AbstractProfileServiceBootstrap.start(AbstractProfileServiceBootstrap.java:91) [:0.2.2]
	at org.jboss.system.server.profileservice.bootstrap.BasicProfileServiceBootstrap.start(BasicProfileServiceBootstrap.java:132) [:6.1.0.Final]
	at org.jboss.system.server.profileservice.bootstrap.BasicProfileServiceBootstrap.start(BasicProfileServiceBootstrap.java:56) [:6.1.0.Final]
	at org.jboss.bootstrap.impl.base.server.AbstractServer.startBootstraps(AbstractServer.java:827) [jboss-bootstrap-impl-base.jar:2.1.0-alpha-6]
	at org.jboss.bootstrap.impl.base.server.AbstractServer$StartServerTask.run(AbstractServer.java:417) [jboss-bootstrap-impl-base.jar:2.1.0-alpha-6]
	at java.lang.Thread.run(Unknown Source) [:1.8.0_111]

21:40:08,383 WARN  [AbstractKernelController] Broken callback: ClassSingleCallbackItem@5ca5fa19{name=interface org.jboss.wsf.spi.metadata.DescriptorProcessor whenRequired=ControllerState@4d417686{Installed} dependentState=ControllerState@4d417686{Installed} attributeName=setProcessor owner=AbstractKernelControllerContext@777d596{ metadata=AbstractBeanMetaData@607a93c5{name=JMSDescriptorDeployer bean=org.jboss.webservices.integration.deployers.JMSDescriptorDeployer properties= classLoader=BeanMetaDataDeployer$DeploymentClassLoaderMetaData@7db1315e{classloader=null} constructor=null autowireCandidate=true installCallbacks=[method=setProcessor, method=setParser]}name=JMSDescriptorDeployer target=org.jboss.webservices.integration.deployers.JMSDescriptorDeployer@2034f104 state=Installed depends=AbstractDependencyInfo@137cd8e1{}} signature=org.jboss.wsf.spi.metadata.DescriptorProcessor}: java.lang.ClassCastException: org.jboss.wsf.framework.deployment.jms.WebservicesDescriptorProcessorImpl cannot be cast to org.jboss.wsf.spi.metadata.jms.JMSDescriptorProcessor
	at org.jboss.webservices.integration.deployers.JMSDescriptorDeployer.setProcessor(JMSDescriptorDeployer.java:33) [:6.1.0.Final]
	at sun.reflect.NativeMethodAccessorImpl.invoke0(Native Method) [:1.8.0_111]
	at sun.reflect.NativeMethodAccessorImpl.invoke(Unknown Source) [:1.8.0_111]
	at sun.reflect.DelegatingMethodAccessorImpl.invoke(Unknown Source) [:1.8.0_111]
	at java.lang.reflect.Method.invoke(Unknown Source) [:1.8.0_111]
	at org.jboss.reflect.plugins.introspection.ReflectionUtils.invoke(ReflectionUtils.java:60) [jboss-reflect.jar:2.2.1.SP1]
	at org.jboss.reflect.plugins.introspection.ReflectMethodInfoImpl.invoke(ReflectMethodInfoImpl.java:168) [jboss-reflect.jar:2.2.1.SP1]
	at org.jboss.joinpoint.plugins.BasicMethodJoinPoint.dispatch(BasicMethodJoinPoint.java:66) [jboss-reflect.jar:2.2.1.SP1]
	at org.jboss.beans.info.plugins.AbstractBeanInfo.invoke(AbstractBeanInfo.java:300) [jboss-reflect.jar:2.2.1.SP1]
	at org.jboss.kernel.plugins.dependency.AbstractKernelControllerContext.invoke(AbstractKernelControllerContext.java:305) [jboss-kernel.jar:2.2.0.SP2]
	at org.jboss.kernel.plugins.dependency.ClassSingleCallbackItem.ownerCallback(ClassSingleCallbackItem.java:78) [jboss-kernel.jar:2.2.0.SP2]
	at org.jboss.dependency.plugins.AbstractController.resolveCallbacks(AbstractController.java:1887) [jboss-dependency.jar:2.2.0.SP2]
	at org.jboss.dependency.plugins.AbstractController.resolveCallbacks(AbstractController.java:1937) [jboss-dependency.jar:2.2.0.SP2]
	at org.jboss.dependency.plugins.AbstractController.incrementState(AbstractController.java:1092) [jboss-dependency.jar:2.2.0.SP2]
	at org.jboss.dependency.plugins.AbstractController.executeOrIncrementStateDirectly(AbstractController.java:1322) [jboss-dependency.jar:2.2.0.SP2]
	at org.jboss.dependency.plugins.AbstractController.resolveContexts(AbstractController.java:1246) [jboss-dependency.jar:2.2.0.SP2]
	at org.jboss.dependency.plugins.AbstractController.resolveContexts(AbstractController.java:1139) [jboss-dependency.jar:2.2.0.SP2]
	at org.jboss.dependency.plugins.AbstractController.install(AbstractController.java:894) [jboss-dependency.jar:2.2.0.SP2]
	at org.jboss.dependency.plugins.AbstractController.install(AbstractController.java:641) [jboss-dependency.jar:2.2.0.SP2]
	at org.jboss.deployers.vfs.deployer.kernel.BeanMetaDataDeployer.deploy(BeanMetaDataDeployer.java:182) [:2.2.2.GA]
	at org.jboss.deployers.vfs.deployer.kernel.BeanMetaDataDeployer.deploy(BeanMetaDataDeployer.java:58) [:2.2.2.GA]
	at org.jboss.deployers.spi.deployer.helpers.AbstractSimpleRealDeployer.internalDeploy(AbstractSimpleRealDeployer.java:63) [:2.2.2.GA]
	at org.jboss.deployers.spi.deployer.helpers.AbstractRealDeployer.deploy(AbstractRealDeployer.java:55) [:2.2.2.GA]
	at org.jboss.deployers.plugins.deployers.DeployerWrapper.deploy(DeployerWrapper.java:179) [:2.2.2.GA]
	at org.jboss.deployers.plugins.deployers.DeployersImpl.doDeploy(DeployersImpl.java:1832) [:2.2.2.GA]
	at org.jboss.deployers.plugins.deployers.DeployersImpl.doInstallParentFirst(DeployersImpl.java:1550) [:2.2.2.GA]
	at org.jboss.deployers.plugins.deployers.DeployersImpl.doInstallParentFirst(DeployersImpl.java:1571) [:2.2.2.GA]
	at org.jboss.deployers.plugins.deployers.DeployersImpl.install(DeployersImpl.java:1491) [:2.2.2.GA]
	at org.jboss.dependency.plugins.AbstractControllerContext.install(AbstractControllerContext.java:379) [jboss-dependency.jar:2.2.0.SP2]
	at org.jboss.dependency.plugins.AbstractController.install(AbstractController.java:2044) [jboss-dependency.jar:2.2.0.SP2]
	at org.jboss.dependency.plugins.AbstractController.incrementState(AbstractController.java:1083) [jboss-dependency.jar:2.2.0.SP2]
	at org.jboss.dependency.plugins.AbstractController.executeOrIncrementStateDirectly(AbstractController.java:1322) [jboss-dependency.jar:2.2.0.SP2]
	at org.jboss.dependency.plugins.AbstractController.resolveContexts(AbstractController.java:1246) [jboss-dependency.jar:2.2.0.SP2]
	at org.jboss.dependency.plugins.AbstractController.resolveContexts(AbstractController.java:1139) [jboss-dependency.jar:2.2.0.SP2]
	at org.jboss.dependency.plugins.AbstractController.change(AbstractController.java:939) [jboss-dependency.jar:2.2.0.SP2]
	at org.jboss.dependency.plugins.AbstractController.change(AbstractController.java:654) [jboss-dependency.jar:2.2.0.SP2]
	at org.jboss.deployers.plugins.deployers.DeployersImpl.change(DeployersImpl.java:1983) [:2.2.2.GA]
	at org.jboss.deployers.plugins.deployers.DeployersImpl.process(DeployersImpl.java:1076) [:2.2.2.GA]
	at org.jboss.deployers.plugins.main.MainDeployerImpl.process(MainDeployerImpl.java:679) [:2.2.2.GA]
	at org.jboss.system.server.profileservice.deployers.MainDeployerPlugin.process(MainDeployerPlugin.java:106) [:6.1.0.Final]
	at org.jboss.profileservice.dependency.ProfileControllerContext$DelegateDeployer.process(ProfileControllerContext.java:143) [:0.2.2]
	at org.jboss.profileservice.dependency.ProfileDeployAction.deploy(ProfileDeployAction.java:151) [:0.2.2]
	at org.jboss.profileservice.dependency.ProfileDeployAction.installActionInternal(ProfileDeployAction.java:94) [:0.2.2]
	at org.jboss.kernel.plugins.dependency.InstallsAwareAction.installAction(InstallsAwareAction.java:54) [jboss-kernel.jar:2.2.0.SP2]
	at org.jboss.kernel.plugins.dependency.InstallsAwareAction.installAction(InstallsAwareAction.java:42) [jboss-kernel.jar:2.2.0.SP2]
	at org.jboss.dependency.plugins.action.SimpleControllerContextAction.simpleInstallAction(SimpleControllerContextAction.java:62) [jboss-dependency.jar:2.2.0.SP2]
	at org.jboss.dependency.plugins.action.AccessControllerContextAction.install(AccessControllerContextAction.java:71) [jboss-dependency.jar:2.2.0.SP2]
	at org.jboss.dependency.plugins.AbstractControllerContextActions.install(AbstractControllerContextActions.java:51) [jboss-dependency.jar:2.2.0.SP2]
	at org.jboss.dependency.plugins.AbstractControllerContext.install(AbstractControllerContext.java:379) [jboss-dependency.jar:2.2.0.SP2]
	at org.jboss.dependency.plugins.AbstractController.install(AbstractController.java:2044) [jboss-dependency.jar:2.2.0.SP2]
	at org.jboss.dependency.plugins.AbstractController.incrementState(AbstractController.java:1083) [jboss-dependency.jar:2.2.0.SP2]
	at org.jboss.dependency.plugins.AbstractController.executeOrIncrementStateDirectly(AbstractController.java:1322) [jboss-dependency.jar:2.2.0.SP2]
	at org.jboss.dependency.plugins.AbstractController.resolveContexts(AbstractController.java:1246) [jboss-dependency.jar:2.2.0.SP2]
	at org.jboss.dependency.plugins.AbstractController.resolveContexts(AbstractController.java:1139) [jboss-dependency.jar:2.2.0.SP2]
	at org.jboss.dependency.plugins.AbstractController.change(AbstractController.java:939) [jboss-dependency.jar:2.2.0.SP2]
	at org.jboss.dependency.plugins.AbstractController.change(AbstractController.java:654) [jboss-dependency.jar:2.2.0.SP2]
	at org.jboss.profileservice.dependency.ProfileActivationWrapper$BasicProfileActivation.start(ProfileActivationWrapper.java:190) [:0.2.2]
	at org.jboss.profileservice.dependency.ProfileActivationWrapper.start(ProfileActivationWrapper.java:87) [:0.2.2]
	at org.jboss.profileservice.dependency.ProfileActivationService.activateProfile(ProfileActivationService.java:215) [:0.2.2]
	at org.jboss.profileservice.dependency.ProfileActivationService.activate(ProfileActivationService.java:159) [:0.2.2]
	at org.jboss.profileservice.bootstrap.AbstractProfileServiceBootstrap.activate(AbstractProfileServiceBootstrap.java:112) [:0.2.2]
	at org.jboss.profileservice.resolver.BasicResolverFactory$ProfileResolverFacade.deploy(BasicResolverFactory.java:87) [:0.2.2]
	at org.jboss.profileservice.bootstrap.AbstractProfileServiceBootstrap.start(AbstractProfileServiceBootstrap.java:91) [:0.2.2]
	at org.jboss.system.server.profileservice.bootstrap.BasicProfileServiceBootstrap.start(BasicProfileServiceBootstrap.java:132) [:6.1.0.Final]
	at org.jboss.system.server.profileservice.bootstrap.BasicProfileServiceBootstrap.start(BasicProfileServiceBootstrap.java:56) [:6.1.0.Final]
	at org.jboss.bootstrap.impl.base.server.AbstractServer.startBootstraps(AbstractServer.java:827) [jboss-bootstrap-impl-base.jar:2.1.0-alpha-6]
	at org.jboss.bootstrap.impl.base.server.AbstractServer$StartServerTask.run(AbstractServer.java:417) [jboss-bootstrap-impl-base.jar:2.1.0-alpha-6]
	at java.lang.Thread.run(Unknown Source) [:1.8.0_111]

21:40:08,617 INFO  [JSFImplManagementDeployer] Initialized 3 JSF configurations: [Mojarra-1.2, MyFaces-2.0, Mojarra-2.0]
21:40:11,464 WARNING [FileConfigurationParser] AIO wasn't located on this platform, it will fall back to using pure Java NIO. If your platform is Linux, install LibAIO to enable the AIO journal
21:40:11,562 INFO  [JMXConnector] starting JMXConnector on host localhost:1090
21:40:11,629 INFO  [MailService] Mail Service bound to java:/Mail
21:40:11,992 INFO  [HornetQServerImpl] live server is starting with configuration HornetQ Configuration (clustered=false,backup=false,sharedStore=true,journalDirectory=D:\ejb\jboss6\server\default\data/hornetq/journal,bindingsDirectory=D:\ejb\jboss6\server\default\data/hornetq/bindings,largeMessagesDirectory=D:\ejb\jboss6\server\default\data/hornetq/largemessages,pagingDirectory=D:\ejb\jboss6\server\default\data/hornetq/paging)
21:40:11,993 INFO  [HornetQServerImpl] Waiting to obtain live lock
21:40:12,027 INFO  [JournalStorageManager] Using NIO Journal
21:40:12,037 WARNING [HornetQServerImpl] Security risk! It has been detected that the cluster admin user and password have not been changed from the installation default. Please see the HornetQ user guide, cluster chapter, for instructions on how to do this.
21:40:12,165 INFO  [FileLockNodeManager] Waiting to obtain live lock
21:40:12,166 INFO  [FileLockNodeManager] Live Server Obtained live lock
21:40:12,567 INFO  [NettyAcceptor] Started Netty Acceptor version 3.2.3.Final-r${buildNumber} localhost:5455 for CORE protocol
21:40:12,569 INFO  [NettyAcceptor] Started Netty Acceptor version 3.2.3.Final-r${buildNumber} localhost:5445 for CORE protocol
21:40:12,570 INFO  [HornetQServerImpl] Server is now live
21:40:12,571 INFO  [HornetQServerImpl] HornetQ Server version 2.2.5.Final (HQ_2_2_5_FINAL_AS7, 121) [8b66d7ce-7218-11e1-8201-005056c00008] started
21:40:12,593 INFO  [WebService] Using RMI server codebase: http://localhost:8083/
21:40:12,676 INFO  [jbossatx] ARJUNA-32010 JBossTS Recovery Service (tag: JBOSSTS_4_14_0_Final) - JBoss Inc.
21:40:12,680 INFO  [arjuna] ARJUNA-12324 Start RecoveryActivators
21:40:12,690 INFO  [arjuna] ARJUNA-12296 ExpiredEntryMonitor running at Ter, 23 jan 2018 21:40:12
21:40:12,731 INFO  [arjuna] ARJUNA-12310 Recovery manager listening on endpoint 127.0.0.1:4712
21:40:12,732 INFO  [arjuna] ARJUNA-12344 RecoveryManagerImple is ready on port 4712
21:40:12,732 INFO  [jbossatx] ARJUNA-32013 Starting transaction recovery manager
21:40:12,738 INFO  [arjuna] ARJUNA-12163 Starting service com.arjuna.ats.arjuna.recovery.ActionStatusService on port 4713
21:40:12,739 INFO  [arjuna] ARJUNA-12337 TransactionStatusManagerItem host: 127.0.0.1 port: 4713
21:40:12,768 INFO  [arjuna] ARJUNA-12170 TransactionStatusManager started on port 4713 and host 127.0.0.1 with service com.arjuna.ats.arjuna.recovery.ActionStatusService
21:40:12,787 INFO  [jbossatx] ARJUNA-32017 JBossTS Transaction Service (JTA version - tag: JBOSSTS_4_14_0_Final) - JBoss Inc.
21:40:12,813 INFO  [arjuna] ARJUNA-12202 registering bean jboss.jta:type=ObjectStore.
21:40:12,935 INFO  [AprLifecycleListener] The Apache Tomcat Native library which allows optimal performance in production environments was not found on the java.library.path: D:/ejb/jboss6/bin/native
21:40:13,016 INFO  [ModClusterService] Initializing mod_cluster 1.1.0.Final
21:40:13,023 INFO  [TomcatDeployment] deploy, ctxPath=/invoker
21:40:13,200 INFO  [RARDeployment] Required license terms exist, view vfs:/D:/ejb/jboss6/server/default/deploy/jboss-local-jdbc.rar/META-INF/ra.xml
21:40:13,206 INFO  [RARDeployment] Required license terms exist, view vfs:/D:/ejb/jboss6/server/default/deploy/jboss-xa-jdbc.rar/META-INF/ra.xml
21:40:13,210 INFO  [RARDeployment] Required license terms exist, view vfs:/D:/ejb/jboss6/server/default/deploy/jms-ra.rar/META-INF/ra.xml
21:40:13,218 INFO  [HornetQResourceAdapter] HornetQ resource adaptor started
21:40:13,222 INFO  [RARDeployment] Required license terms exist, view vfs:/D:/ejb/jboss6/server/default/deploy/mail-ra.rar/META-INF/ra.xml
21:40:13,229 INFO  [RARDeployment] Required license terms exist, view vfs:/D:/ejb/jboss6/server/default/deploy/quartz-ra.rar/META-INF/ra.xml
21:40:13,270 INFO  [SimpleThreadPool] Job execution threads will use class loader of thread: Thread-2
21:40:13,286 INFO  [SchedulerSignalerImpl] Initialized Scheduler Signaller of type: class org.quartz.core.SchedulerSignalerImpl
21:40:13,286 INFO  [QuartzScheduler] Quartz Scheduler v.1.8.3 created.
21:40:13,287 INFO  [RAMJobStore] RAMJobStore initialized.
21:40:13,288 INFO  [QuartzScheduler] Scheduler meta-data: Quartz Scheduler (v1.8.3) 'JBossQuartzScheduler' with instanceId 'NON_CLUSTERED'
  Scheduler class: 'org.quartz.core.QuartzScheduler' - running locally.
  NOT STARTED.
  Currently in standby mode.
  Number of jobs executed: 0
  Using thread pool 'org.quartz.simpl.SimpleThreadPool' - with 10 threads.
  Using job-store 'org.quartz.simpl.RAMJobStore' - which does not support persistence. and is not clustered.

21:40:13,288 INFO  [StdSchedulerFactory] Quartz scheduler 'JBossQuartzScheduler' initialized from an externally opened InputStream.
21:40:13,288 INFO  [StdSchedulerFactory] Quartz scheduler version: 1.8.3
21:40:13,288 INFO  [QuartzScheduler] Scheduler JBossQuartzScheduler_$_NON_CLUSTERED started.
21:40:13,533 INFO  [ConnectionFactoryBindingService] Bound ConnectionManager 'jboss.jca:service=DataSourceBinding,name=DefaultDS' to JNDI name 'java:DefaultDS'
21:40:13,649 INFO  [ConnectionFactoryBindingService] Bound ConnectionManager 'jboss.jca:service=ConnectionFactoryBinding,name=JmsXA' to JNDI name 'java:JmsXA'
21:40:13,660 INFO  [ConnectionFactoryBindingService] Bound ConnectionManager 'jboss.jca:service=DataSourceBinding,name=jdbc/fiap' to JNDI name 'java:jdbc/fiap'
21:40:13,708 INFO  [xnio] XNIO Version 2.1.0.CR2
21:40:13,713 INFO  [nio] XNIO NIO Implementation Version 2.1.0.CR2
21:40:14,289 INFO  [remoting] JBoss Remoting version 3.1.0.Beta2
21:40:14,342 INFO  [TomcatDeployment] deploy, ctxPath=/
21:40:14,390 INFO  [HornetQServerImpl] trying to deploy queue jms.queue.DLQ
21:40:14,403 INFO  [HornetQServerImpl] trying to deploy queue jms.queue.ExpiryQueue
21:40:14,418 INFO  [service] Removing bootstrap log handlers
