2017-03-14 15:32:55,069 [Start Help Server] INFO  org.eclipse.jetty.util.log - Logging initialized @25872ms
2017-03-14 15:32:55,363 [Start Help Server] INFO  org.eclipse.jetty.server.Server - jetty-9.3.9.v20160517
2017-03-14 15:32:55,566 [Start Help Server] INFO  o.e.j.server.handler.ContextHandler - Started o.e.j.s.ServletContextHandler@3f0f6442{/help,null,AVAILABLE}
2017-03-14 15:32:55,613 [Start Help Server] INFO  o.e.jetty.server.AbstractConnector - Started ServerConnector@2386efa2{HTTP/1.1,[http/1.1]}{127.0.0.1:58779}
2017-03-14 15:32:55,614 [Start Help Server] INFO  org.eclipse.jetty.server.Server - Started @26422ms
2017-03-14 15:50:13,751 [Start Help Server] INFO  org.eclipse.jetty.util.log - Logging initialized @122615ms
2017-03-14 15:50:14,845 [Start Help Server] INFO  org.eclipse.jetty.server.Server - jetty-9.3.9.v20160517
2017-03-14 15:50:15,095 [Start Help Server] INFO  o.e.j.server.handler.ContextHandler - Started o.e.j.s.ServletContextHandler@4bbefd69{/help,null,AVAILABLE}
2017-03-14 15:50:15,407 [Start Help Server] INFO  o.e.jetty.server.AbstractConnector - Started ServerConnector@1702ad61{HTTP/1.1,[http/1.1]}{127.0.0.1:49680}
2017-03-14 15:50:15,407 [Start Help Server] INFO  org.eclipse.jetty.server.Server - Started @124288ms
2017-03-14 16:57:14,014 [Start Help Server] INFO  org.eclipse.jetty.util.log - Logging initialized @23041ms
2017-03-14 16:57:14,394 [Start Help Server] INFO  org.eclipse.jetty.server.Server - jetty-9.3.9.v20160517
2017-03-14 16:57:14,806 [Start Help Server] INFO  o.e.j.server.handler.ContextHandler - Started o.e.j.s.ServletContextHandler@6905cf10{/help,null,AVAILABLE}
2017-03-14 16:57:14,879 [Start Help Server] INFO  o.e.jetty.server.AbstractConnector - Started ServerConnector@77508764{HTTP/1.1,[http/1.1]}{127.0.0.1:50357}
2017-03-14 16:57:14,880 [Start Help Server] INFO  org.eclipse.jetty.server.Server - Started @23910ms
2017-03-14 17:27:27,434 [Stop Help Server] INFO  o.e.jetty.server.AbstractConnector - Stopped ServerConnector@77508764{HTTP/1.1,[http/1.1]}{127.0.0.1:0}
2017-03-14 17:27:27,471 [Stop Help Server] INFO  o.e.j.server.handler.ContextHandler - Stopped o.e.j.s.ServletContextHandler@6905cf10{/help,null,UNAVAILABLE}
2017-03-14 17:28:07,601 [Start Help Server] INFO  org.eclipse.jetty.util.log - Logging initialized @32239ms
2017-03-14 17:28:07,761 [Start Help Server] INFO  org.eclipse.jetty.server.Server - jetty-9.3.9.v20160517
2017-03-14 17:28:07,844 [Start Help Server] INFO  o.e.j.server.handler.ContextHandler - Started o.e.j.s.ServletContextHandler@35941ac5{/help,null,AVAILABLE}
2017-03-14 17:28:07,881 [Start Help Server] INFO  o.e.jetty.server.AbstractConnector - Started ServerConnector@5419a753{HTTP/1.1,[http/1.1]}{127.0.0.1:50626}
2017-03-14 17:28:07,881 [Start Help Server] INFO  org.eclipse.jetty.server.Server - Started @32523ms
2017-03-14 17:30:48,061 [Stop Help Server] INFO  o.e.jetty.server.AbstractConnector - Stopped ServerConnector@5419a753{HTTP/1.1,[http/1.1]}{127.0.0.1:0}
2017-03-14 17:30:48,098 [Stop Help Server] INFO  o.e.j.server.handler.ContextHandler - Stopped o.e.j.s.ServletContextHandler@35941ac5{/help,null,UNAVAILABLE}
2017-03-14 17:37:10,163 [Start Help Server] INFO  org.eclipse.jetty.util.log - Logging initialized @23168ms
2017-03-14 17:37:10,534 [Start Help Server] INFO  org.eclipse.jetty.server.Server - jetty-9.3.9.v20160517
2017-03-14 17:37:10,680 [Start Help Server] INFO  o.e.j.server.handler.ContextHandler - Started o.e.j.s.ServletContextHandler@48f1a359{/help,null,AVAILABLE}
2017-03-14 17:37:10,749 [Start Help Server] INFO  o.e.jetty.server.AbstractConnector - Started ServerConnector@426338a7{HTTP/1.1,[http/1.1]}{127.0.0.1:50905}
2017-03-14 17:37:10,750 [Start Help Server] INFO  org.eclipse.jetty.server.Server - Started @23759ms
2017-03-14 18:11:47,031 [Stop Help Server] INFO  o.e.jetty.server.AbstractConnector - Stopped ServerConnector@426338a7{HTTP/1.1,[http/1.1]}{127.0.0.1:0}
2017-03-14 18:11:47,066 [Stop Help Server] INFO  o.e.j.server.handler.ContextHandler - Stopped o.e.j.s.ServletContextHandler@48f1a359{/help,null,UNAVAILABLE}
2017-03-14 18:12:47,125 [Start Help Server] INFO  org.eclipse.jetty.util.log - Logging initialized @22033ms
2017-03-14 18:12:48,028 [Start Help Server] INFO  org.eclipse.jetty.server.Server - jetty-9.3.9.v20160517
2017-03-14 18:12:48,272 [Start Help Server] INFO  o.e.j.server.handler.ContextHandler - Started o.e.j.s.ServletContextHandler@157e936a{/help,null,AVAILABLE}
2017-03-14 18:12:48,333 [Start Help Server] INFO  o.e.jetty.server.AbstractConnector - Started ServerConnector@65c44c07{HTTP/1.1,[http/1.1]}{127.0.0.1:51377}
2017-03-14 18:12:48,341 [Start Help Server] INFO  org.eclipse.jetty.server.Server - Started @23254ms
2017-03-14 18:13:53,347 [Stop Help Server] INFO  o.e.jetty.server.AbstractConnector - Stopped ServerConnector@65c44c07{HTTP/1.1,[http/1.1]}{127.0.0.1:0}
2017-03-14 18:13:53,379 [Stop Help Server] INFO  o.e.j.server.handler.ContextHandler - Stopped o.e.j.s.ServletContextHandler@157e936a{/help,null,UNAVAILABLE}
2017-03-14 18:22:39,286 [Start Help Server] INFO  org.eclipse.jetty.util.log - Logging initialized @19257ms
2017-03-14 18:22:39,552 [Start Help Server] INFO  org.eclipse.jetty.server.Server - jetty-9.3.9.v20160517
2017-03-14 18:22:39,694 [Start Help Server] INFO  o.e.j.server.handler.ContextHandler - Started o.e.j.s.ServletContextHandler@646ac99{/help,null,AVAILABLE}
2017-03-14 18:22:39,752 [Start Help Server] INFO  o.e.jetty.server.AbstractConnector - Started ServerConnector@2bcaac71{HTTP/1.1,[http/1.1]}{127.0.0.1:51387}
2017-03-14 18:22:39,752 [Start Help Server] INFO  org.eclipse.jetty.server.Server - Started @19735ms
2017-03-14 18:30:20,688 [Worker-8] WARN  o.e.r.models.ModelRepository - Failed to download org.eclipse.recommenders:index::zip:0.0.0
org.eclipse.aether.resolution.ArtifactResolutionException: Could not transfer artifact org.eclipse.recommenders:index:zip:0.0.0-SNAPSHOT from/to models (http://download.eclipse.org/recommenders/models/neon/): download.eclipse.org
	at org.eclipse.aether.internal.impl.DefaultArtifactResolver.resolve(DefaultArtifactResolver.java:444) ~[na:na]
	at org.eclipse.aether.internal.impl.DefaultArtifactResolver.resolveArtifacts(DefaultArtifactResolver.java:246) ~[na:na]
	at org.eclipse.aether.internal.impl.DefaultArtifactResolver.resolveArtifact(DefaultArtifactResolver.java:223) ~[na:na]
	at org.eclipse.aether.internal.impl.DefaultRepositorySystem.resolveArtifact(DefaultRepositorySystem.java:294) ~[na:na]
	at org.eclipse.recommenders.models.ModelRepository.resolveInternal(ModelRepository.java:193) [org.eclipse.recommenders.models_2.4.3.v20160913-0645.jar:na]
	at org.eclipse.recommenders.models.ModelRepository.resolve(ModelRepository.java:172) [org.eclipse.recommenders.models_2.4.3.v20160913-0645.jar:na]
	at org.eclipse.recommenders.internal.models.rcp.EclipseModelRepository.resolve(EclipseModelRepository.java:165) [org.eclipse.recommenders.models.rcp_2.4.3.v20160913-0645.jar:na]
	at org.eclipse.recommenders.internal.models.rcp.DownloadModelArchiveJob.run(DownloadModelArchiveJob.java:76) [org.eclipse.recommenders.models.rcp_2.4.3.v20160913-0645.jar:na]
	at org.eclipse.core.internal.jobs.Worker.run(Worker.java:55) [org.eclipse.core.jobs_3.8.0.v20160509-0411.jar:na]
Caused by: org.eclipse.aether.transfer.ArtifactTransferException: Could not transfer artifact org.eclipse.recommenders:index:zip:0.0.0-SNAPSHOT from/to models (http://download.eclipse.org/recommenders/models/neon/): download.eclipse.org
	at org.eclipse.aether.connector.basic.ArtifactTransportListener.transferFailed(ArtifactTransportListener.java:43) ~[org.eclipse.aether.connector.basic_1.0.1.v20141111.jar:na]
	at org.eclipse.aether.connector.basic.BasicRepositoryConnector$TaskRunner.run(BasicRepositoryConnector.java:355) ~[org.eclipse.aether.connector.basic_1.0.1.v20141111.jar:na]
	at org.eclipse.aether.util.concurrency.RunnableErrorForwarder$1.run(RunnableErrorForwarder.java:67) ~[na:na]
	at org.eclipse.aether.connector.basic.BasicRepositoryConnector$DirectExecutor.execute(BasicRepositoryConnector.java:581) ~[org.eclipse.aether.connector.basic_1.0.1.v20141111.jar:na]
	at org.eclipse.aether.connector.basic.BasicRepositoryConnector.get(BasicRepositoryConnector.java:249) ~[org.eclipse.aether.connector.basic_1.0.1.v20141111.jar:na]
	at org.eclipse.aether.internal.impl.DefaultArtifactResolver.performDownloads(DefaultArtifactResolver.java:520) ~[na:na]
	at org.eclipse.aether.internal.impl.DefaultArtifactResolver.resolve(DefaultArtifactResolver.java:421) ~[na:na]
	... 8 common frames omitted
Caused by: java.net.UnknownHostException: download.eclipse.org
	at java.net.InetAddress.getAllByName0(InetAddress.java:1280) ~[na:1.8.0_111]
	at java.net.InetAddress.getAllByName(InetAddress.java:1192) ~[na:1.8.0_111]
	at java.net.InetAddress.getAllByName(InetAddress.java:1126) ~[na:1.8.0_111]
	at org.apache.http.impl.conn.SystemDefaultDnsResolver.resolve(SystemDefaultDnsResolver.java:44) ~[na:na]
	at org.apache.http.impl.conn.DefaultClientConnectionOperator.resolveHostname(DefaultClientConnectionOperator.java:259) ~[na:na]
	at org.apache.http.impl.conn.DefaultClientConnectionOperator.openConnection(DefaultClientConnectionOperator.java:159) ~[na:na]
	at org.apache.http.impl.conn.ManagedClientConnectionImpl.open(ManagedClientConnectionImpl.java:304) ~[na:na]
	at org.apache.http.impl.client.DefaultRequestDirector.tryConnect(DefaultRequestDirector.java:611) ~[na:na]
	at org.apache.http.impl.client.DefaultRequestDirector.execute(DefaultRequestDirector.java:446) ~[na:na]
	at org.apache.http.impl.client.AbstractHttpClient.doExecute(AbstractHttpClient.java:863) ~[na:na]
	at org.apache.http.impl.client.CloseableHttpClient.execute(CloseableHttpClient.java:72) ~[na:na]
	at org.apache.http.impl.client.CloseableHttpClient.execute(CloseableHttpClient.java:57) ~[na:na]
	at org.apache.http.impl.client.DecompressingHttpClient.execute(DecompressingHttpClient.java:158) ~[na:na]
	at org.eclipse.aether.transport.http.HttpTransporter.execute(HttpTransporter.java:287) ~[org.eclipse.aether.transport.http_1.0.1.v20141111.jar:na]
	at org.eclipse.aether.transport.http.HttpTransporter.implGet(HttpTransporter.java:243) ~[org.eclipse.aether.transport.http_1.0.1.v20141111.jar:na]
	at org.eclipse.aether.spi.connector.transport.AbstractTransporter.get(AbstractTransporter.java:59) ~[org.eclipse.aether.spi_1.0.1.v20141111.jar:na]
	at org.eclipse.aether.connector.basic.BasicRepositoryConnector$GetTaskRunner.runTask(BasicRepositoryConnector.java:447) ~[org.eclipse.aether.connector.basic_1.0.1.v20141111.jar:na]
	at org.eclipse.aether.connector.basic.BasicRepositoryConnector$TaskRunner.run(BasicRepositoryConnector.java:350) ~[org.eclipse.aether.connector.basic_1.0.1.v20141111.jar:na]
	... 13 common frames omitted
2017-03-14 18:33:27,216 [Stop Help Server] INFO  o.e.jetty.server.AbstractConnector - Stopped ServerConnector@2bcaac71{HTTP/1.1,[http/1.1]}{127.0.0.1:0}
2017-03-14 18:33:27,246 [Stop Help Server] INFO  o.e.j.server.handler.ContextHandler - Stopped o.e.j.s.ServletContextHandler@646ac99{/help,null,UNAVAILABLE}
2017-03-14 18:34:43,462 [Start Help Server] INFO  org.eclipse.jetty.util.log - Logging initialized @20684ms
2017-03-14 18:34:43,954 [Start Help Server] INFO  org.eclipse.jetty.server.Server - jetty-9.3.9.v20160517
2017-03-14 18:34:44,221 [Start Help Server] INFO  o.e.j.server.handler.ContextHandler - Started o.e.j.s.ServletContextHandler@4e0e9a3a{/help,null,AVAILABLE}
2017-03-14 18:34:44,364 [Start Help Server] INFO  o.e.jetty.server.AbstractConnector - Started ServerConnector@669d193d{HTTP/1.1,[http/1.1]}{127.0.0.1:51400}
2017-03-14 18:34:44,364 [Start Help Server] INFO  org.eclipse.jetty.server.Server - Started @21590ms
2017-03-14 18:41:06,889 [Stop Help Server] INFO  o.e.jetty.server.AbstractConnector - Stopped ServerConnector@669d193d{HTTP/1.1,[http/1.1]}{127.0.0.1:0}
2017-03-14 18:41:06,927 [Stop Help Server] INFO  o.e.j.server.handler.ContextHandler - Stopped o.e.j.s.ServletContextHandler@4e0e9a3a{/help,null,UNAVAILABLE}
2018-01-22 19:01:34,228 [Start Help Server] INFO  org.eclipse.jetty.util.log - Logging initialized @196530ms
2018-01-22 19:01:36,557 [Start Help Server] INFO  org.eclipse.jetty.server.Server - jetty-9.3.9.v20160517
2018-01-22 19:01:36,750 [Start Help Server] INFO  o.e.j.server.handler.ContextHandler - Started o.e.j.s.ServletContextHandler@1f4eca6d{/help,null,AVAILABLE}
2018-01-22 19:01:36,798 [Start Help Server] INFO  o.e.jetty.server.AbstractConnector - Started ServerConnector@5fd73d44{HTTP/1.1,[http/1.1]}{127.0.0.1:60454}
2018-01-22 19:01:36,798 [Start Help Server] INFO  org.eclipse.jetty.server.Server - Started @199151ms
2018-01-22 19:34:31,448 [Worker-33] WARN  o.e.r.models.ModelRepository - Failed to download org.eclipse.recommenders:index::zip:0.0.0
org.eclipse.aether.resolution.ArtifactResolutionException: Could not transfer artifact org.eclipse.recommenders:index:zip:0.0.0-SNAPSHOT from/to models (http://download.eclipse.org/recommenders/models/neon/): download.eclipse.org
	at org.eclipse.aether.internal.impl.DefaultArtifactResolver.resolve(DefaultArtifactResolver.java:444) ~[na:na]
	at org.eclipse.aether.internal.impl.DefaultArtifactResolver.resolveArtifacts(DefaultArtifactResolver.java:246) ~[na:na]
	at org.eclipse.aether.internal.impl.DefaultArtifactResolver.resolveArtifact(DefaultArtifactResolver.java:223) ~[na:na]
	at org.eclipse.aether.internal.impl.DefaultRepositorySystem.resolveArtifact(DefaultRepositorySystem.java:294) ~[na:na]
	at org.eclipse.recommenders.models.ModelRepository.resolveInternal(ModelRepository.java:193) [org.eclipse.recommenders.models_2.4.3.v20160913-0645.jar:na]
	at org.eclipse.recommenders.models.ModelRepository.resolve(ModelRepository.java:172) [org.eclipse.recommenders.models_2.4.3.v20160913-0645.jar:na]
	at org.eclipse.recommenders.internal.models.rcp.EclipseModelRepository.resolve(EclipseModelRepository.java:165) [org.eclipse.recommenders.models.rcp_2.4.3.v20160913-0645.jar:na]
	at org.eclipse.recommenders.internal.models.rcp.DownloadModelArchiveJob.run(DownloadModelArchiveJob.java:76) [org.eclipse.recommenders.models.rcp_2.4.3.v20160913-0645.jar:na]
	at org.eclipse.core.internal.jobs.Worker.run(Worker.java:55) [org.eclipse.core.jobs_3.8.0.v20160509-0411.jar:na]
Caused by: org.eclipse.aether.transfer.ArtifactTransferException: Could not transfer artifact org.eclipse.recommenders:index:zip:0.0.0-SNAPSHOT from/to models (http://download.eclipse.org/recommenders/models/neon/): download.eclipse.org
	at org.eclipse.aether.connector.basic.ArtifactTransportListener.transferFailed(ArtifactTransportListener.java:43) ~[org.eclipse.aether.connector.basic_1.0.1.v20141111.jar:na]
	at org.eclipse.aether.connector.basic.BasicRepositoryConnector$TaskRunner.run(BasicRepositoryConnector.java:355) ~[org.eclipse.aether.connector.basic_1.0.1.v20141111.jar:na]
	at org.eclipse.aether.util.concurrency.RunnableErrorForwarder$1.run(RunnableErrorForwarder.java:67) ~[na:na]
	at org.eclipse.aether.connector.basic.BasicRepositoryConnector$DirectExecutor.execute(BasicRepositoryConnector.java:581) ~[org.eclipse.aether.connector.basic_1.0.1.v20141111.jar:na]
	at org.eclipse.aether.connector.basic.BasicRepositoryConnector.get(BasicRepositoryConnector.java:249) ~[org.eclipse.aether.connector.basic_1.0.1.v20141111.jar:na]
	at org.eclipse.aether.internal.impl.DefaultArtifactResolver.performDownloads(DefaultArtifactResolver.java:520) ~[na:na]
	at org.eclipse.aether.internal.impl.DefaultArtifactResolver.resolve(DefaultArtifactResolver.java:421) ~[na:na]
	... 8 common frames omitted
Caused by: java.net.UnknownHostException: download.eclipse.org
	at java.net.InetAddress.getAllByName0(Unknown Source) ~[na:1.8.0_111]
	at java.net.InetAddress.getAllByName(Unknown Source) ~[na:1.8.0_111]
	at java.net.InetAddress.getAllByName(Unknown Source) ~[na:1.8.0_111]
	at org.apache.http.impl.conn.SystemDefaultDnsResolver.resolve(SystemDefaultDnsResolver.java:44) ~[na:na]
	at org.apache.http.impl.conn.DefaultClientConnectionOperator.resolveHostname(DefaultClientConnectionOperator.java:259) ~[na:na]
	at org.apache.http.impl.conn.DefaultClientConnectionOperator.openConnection(DefaultClientConnectionOperator.java:159) ~[na:na]
	at org.apache.http.impl.conn.ManagedClientConnectionImpl.open(ManagedClientConnectionImpl.java:304) ~[na:na]
	at org.apache.http.impl.client.DefaultRequestDirector.tryConnect(DefaultRequestDirector.java:611) ~[na:na]
	at org.apache.http.impl.client.DefaultRequestDirector.execute(DefaultRequestDirector.java:446) ~[na:na]
	at org.apache.http.impl.client.AbstractHttpClient.doExecute(AbstractHttpClient.java:863) ~[na:na]
	at org.apache.http.impl.client.CloseableHttpClient.execute(CloseableHttpClient.java:72) ~[na:na]
	at org.apache.http.impl.client.CloseableHttpClient.execute(CloseableHttpClient.java:57) ~[na:na]
	at org.apache.http.impl.client.DecompressingHttpClient.execute(DecompressingHttpClient.java:158) ~[na:na]
	at org.eclipse.aether.transport.http.HttpTransporter.execute(HttpTransporter.java:287) ~[org.eclipse.aether.transport.http_1.0.1.v20141111.jar:na]
	at org.eclipse.aether.transport.http.HttpTransporter.implGet(HttpTransporter.java:243) ~[org.eclipse.aether.transport.http_1.0.1.v20141111.jar:na]
	at org.eclipse.aether.spi.connector.transport.AbstractTransporter.get(AbstractTransporter.java:59) ~[org.eclipse.aether.spi_1.0.1.v20141111.jar:na]
	at org.eclipse.aether.connector.basic.BasicRepositoryConnector$GetTaskRunner.runTask(BasicRepositoryConnector.java:447) ~[org.eclipse.aether.connector.basic_1.0.1.v20141111.jar:na]
	at org.eclipse.aether.connector.basic.BasicRepositoryConnector$TaskRunner.run(BasicRepositoryConnector.java:350) ~[org.eclipse.aether.connector.basic_1.0.1.v20141111.jar:na]
	... 13 common frames omitted
2018-01-22 20:29:59,276 [Stop Help Server] INFO  o.e.jetty.server.AbstractConnector - Stopped ServerConnector@5fd73d44{HTTP/1.1,[http/1.1]}{127.0.0.1:0}
2018-01-22 20:29:59,299 [Stop Help Server] INFO  o.e.j.server.handler.ContextHandler - Stopped o.e.j.s.ServletContextHandler@1f4eca6d{/help,null,UNAVAILABLE}
2018-01-23 19:06:49,283 [Start Help Server] INFO  org.eclipse.jetty.util.log - Logging initialized @66152ms
2018-01-23 19:06:49,658 [Start Help Server] INFO  org.eclipse.jetty.server.Server - jetty-9.3.9.v20160517
2018-01-23 19:06:49,739 [Start Help Server] INFO  o.e.j.server.handler.ContextHandler - Started o.e.j.s.ServletContextHandler@62deb602{/help,null,AVAILABLE}
2018-01-23 19:06:49,781 [Start Help Server] INFO  o.e.jetty.server.AbstractConnector - Started ServerConnector@62be6c41{HTTP/1.1,[http/1.1]}{127.0.0.1:2043}
2018-01-23 19:06:49,782 [Start Help Server] INFO  org.eclipse.jetty.server.Server - Started @66664ms
2018-01-23 19:08:26,260 [Stop Help Server] INFO  o.e.jetty.server.AbstractConnector - Stopped ServerConnector@62be6c41{HTTP/1.1,[http/1.1]}{127.0.0.1:0}
2018-01-23 19:08:26,274 [Stop Help Server] INFO  o.e.j.server.handler.ContextHandler - Stopped o.e.j.s.ServletContextHandler@62deb602{/help,null,UNAVAILABLE}
2018-01-23 19:44:39,792 [Start Help Server] INFO  org.eclipse.jetty.util.log - Logging initialized @12927ms
2018-01-23 19:44:39,908 [Start Help Server] INFO  org.eclipse.jetty.server.Server - jetty-9.3.9.v20160517
2018-01-23 19:44:39,959 [Start Help Server] INFO  o.e.j.server.handler.ContextHandler - Started o.e.j.s.ServletContextHandler@71407797{/help,null,AVAILABLE}
2018-01-23 19:44:39,976 [Start Help Server] INFO  o.e.jetty.server.AbstractConnector - Started ServerConnector@205274a9{HTTP/1.1,[http/1.1]}{127.0.0.1:5820}
2018-01-23 19:44:39,976 [Start Help Server] INFO  org.eclipse.jetty.server.Server - Started @13114ms
2018-01-23 20:19:29,448 [Stop Help Server] INFO  o.e.jetty.server.AbstractConnector - Stopped ServerConnector@205274a9{HTTP/1.1,[http/1.1]}{127.0.0.1:0}
2018-01-23 20:19:29,461 [Stop Help Server] INFO  o.e.j.server.handler.ContextHandler - Stopped o.e.j.s.ServletContextHandler@71407797{/help,null,UNAVAILABLE}
2018-01-23 20:20:05,808 [Start Help Server] INFO  org.eclipse.jetty.util.log - Logging initialized @11996ms
2018-01-23 20:20:05,923 [Start Help Server] INFO  org.eclipse.jetty.server.Server - jetty-9.3.9.v20160517
2018-01-23 20:20:05,970 [Start Help Server] INFO  o.e.j.server.handler.ContextHandler - Started o.e.j.s.ServletContextHandler@39ab6892{/help,null,AVAILABLE}
2018-01-23 20:20:05,987 [Start Help Server] INFO  o.e.jetty.server.AbstractConnector - Started ServerConnector@77bf0cfa{HTTP/1.1,[http/1.1]}{127.0.0.1:6221}
2018-01-23 20:20:05,987 [Start Help Server] INFO  org.eclipse.jetty.server.Server - Started @12177ms
2018-01-23 22:31:53,155 [Stop Help Server] INFO  o.e.jetty.server.AbstractConnector - Stopped ServerConnector@77bf0cfa{HTTP/1.1,[http/1.1]}{127.0.0.1:0}
2018-01-23 22:31:53,173 [Stop Help Server] INFO  o.e.j.server.handler.ContextHandler - Stopped o.e.j.s.ServletContextHandler@39ab6892{/help,null,UNAVAILABLE}
